{
  "RSpec": {
    "coverage": {
      "/home/vyivrain/Documents/RubyProjects/eng_basics/app/models/fib.rb": [
        1,
        1,
        null,
        1,
        2,
        2,
        null,
        null,
        1,
        2,
        2,
        null,
        null,
        1,
        13,
        12,
        null,
        1,
        null,
        null,
        null
      ],
      "/home/vyivrain/Documents/RubyProjects/eng_basics/app/models/application_record.rb": [
        1,
        1,
        null
      ],
      "/home/vyivrain/Documents/RubyProjects/eng_basics/app/services/fibs_service.rb": [
        1,
        1,
        null,
        1,
        27,
        null,
        null,
        1,
        15,
        null,
        null,
        1,
        12,
        null,
        null,
        1,
        163,
        148,
        120,
        null,
        null,
        1,
        null,
        1,
        15,
        15,
        15,
        151,
        151,
        151,
        151,
        null,
        null,
        null
      ],
      "/home/vyivrain/Documents/RubyProjects/eng_basics/app/controllers/fibs_controller.rb": [
        1,
        1,
        null,
        1,
        4,
        null,
        null,
        1,
        null,
        null,
        1,
        2,
        null,
        null,
        1,
        2,
        2,
        1,
        null,
        1,
        1,
        null,
        null,
        null,
        1,
        1,
        1,
        null,
        null,
        1,
        2,
        1,
        null,
        1,
        null,
        2,
        null,
        null,
        1,
        2,
        1,
        null,
        1,
        null,
        2,
        null,
        null,
        1,
        null,
        1,
        16,
        16,
        null,
        null,
        1,
        2,
        null,
        null,
        1,
        2,
        null,
        null,
        1,
        2,
        null,
        null
      ],
      "/home/vyivrain/Documents/RubyProjects/eng_basics/app/controllers/application_controller.rb": [
        1,
        1,
        null
      ]
    },
    "timestamp": 1506213214
  }
}
