{
  "RSpec": {
    "coverage": {
      "/home/vyivrain/Documents/RubyProjects/eng_basics/app/controllers/api/v1/fibs_controller.rb": [
        1,
        1,
        1,
        1,
        null,
        1,
        1,
        null,
        null,
        1,
        1,
        null,
        null,
        1,
        0,
        0,
        0,
        null,
        0,
        null,
        null,
        null,
        1,
        2,
        1,
        null,
        1,
        null,
        null,
        null,
        1,
        2,
        1,
        null,
        1,
        null,
        null,
        null,
        1,
        null,
        1,
        5,
        5,
        null,
        null,
        1,
        2,
        null,
        null,
        1,
        2,
        null,
        null,
        1,
        0,
        null,
        null,
        null,
        null
      ],
      "/home/vyivrain/Documents/RubyProjects/eng_basics/app/controllers/api/v1/base_controller.rb": [
        1,
        1,
        1,
        1,
        null,
        null,
        null,
        null
      ],
      "/home/vyivrain/Documents/RubyProjects/eng_basics/app/controllers/application_controller.rb": [
        1,
        1,
        1,
        null,
        1,
        null,
        1,
        0,
        null,
        null,
        1,
        6,
        null,
        null
      ],
      "/home/vyivrain/Documents/RubyProjects/eng_basics/app/models/fib.rb": [
        1,
        1,
        null,
        1,
        2,
        2,
        null,
        null,
        1,
        2,
        2,
        null,
        null,
        1,
        6,
        6,
        null,
        0,
        null,
        null,
        null
      ],
      "/home/vyivrain/Documents/RubyProjects/eng_basics/app/models/application_record.rb": [
        1,
        1,
        null
      ],
      "/home/vyivrain/Documents/RubyProjects/eng_basics/app/services/fibs_service.rb": [
        1,
        1,
        null,
        1,
        7,
        null,
        null,
        1,
        1,
        null,
        null,
        1,
        6,
        null,
        null,
        1,
        18,
        17,
        15,
        null,
        null,
        1,
        null,
        1,
        1,
        1,
        1,
        12,
        12,
        12,
        12,
        null,
        null,
        null
      ],
      "/home/vyivrain/Documents/RubyProjects/eng_basics/app/serializers/fib_serializer.rb": [
        1,
        1,
        null,
        1,
        3,
        null,
        null,
        1,
        3,
        null,
        null,
        1,
        3,
        null,
        null
      ],
      "/home/vyivrain/Documents/RubyProjects/eng_basics/app/controllers/fibs_controller.rb": [
        0,
        0,
        0,
        0,
        null,
        0,
        0,
        0,
        0,
        0
      ]
    },
    "timestamp": 1506372914
  }
}
